  server_db.c
C:\Users\whwns\Desktop\다우기술\1. 교육\stock-simulation\C_team4_server\server_db.c(51,2): warning C4996: 'strcpy': This function or variable may be unsafe. Consider using strcpy_s instead. To disable deprecation, use _CRT_SECURE_NO_WARNINGS. See online help for details.
C:\Users\whwns\Desktop\다우기술\1. 교육\stock-simulation\C_team4_server\server_db.c(74,3): warning C4996: 'strcpy': This function or variable may be unsafe. Consider using strcpy_s instead. To disable deprecation, use _CRT_SECURE_NO_WARNINGS. See online help for details.
C:\Users\whwns\Desktop\다우기술\1. 교육\stock-simulation\C_team4_server\server_db.c(221,2): warning C4996: 'sprintf': This function or variable may be unsafe. Consider using sprintf_s instead. To disable deprecation, use _CRT_SECURE_NO_WARNINGS. See online help for details.
C:\Users\whwns\Desktop\다우기술\1. 교육\stock-simulation\C_team4_server\server_db.c(239,2): warning C4996: 'sprintf': This function or variable may be unsafe. Consider using sprintf_s instead. To disable deprecation, use _CRT_SECURE_NO_WARNINGS. See online help for details.
C:\Users\whwns\Desktop\다우기술\1. 교육\stock-simulation\C_team4_server\server_db.c(255,20): warning C4013: 'is_valid_user'이(가) 정의되지 않았습니다. extern은 int형을 반환하는 것으로 간주합니다.
C:\Users\whwns\Desktop\다우기술\1. 교육\stock-simulation\C_team4_server\server_db.c(257,16): warning C4047: 'return': 'int'의 간접 참조 수준이 'char [5]'과(와) 다릅니다.
C:\Users\whwns\Desktop\다우기술\1. 교육\stock-simulation\C_team4_server\server_db.c(264,22): warning C4013: 'generate_random_key'이(가) 정의되지 않았습니다. extern은 int형을 반환하는 것으로 간주합니다.
C:\Users\whwns\Desktop\다우기술\1. 교육\stock-simulation\C_team4_server\server_db.c(265,34): warning C4013: 'is_duplicate_key'이(가) 정의되지 않았습니다. extern은 int형을 반환하는 것으로 간주합니다.
C:\Users\whwns\Desktop\다우기술\1. 교육\stock-simulation\C_team4_server\server_db.c(267,15): warning C4047: 'return': 'int'의 간접 참조 수준이 'void *'과(와) 다릅니다.
C:\Users\whwns\Desktop\다우기술\1. 교육\stock-simulation\C_team4_server\server_db.c(279,14): warning C4047: 'return': 'int'의 간접 참조 수준이 'void *'과(와) 다릅니다.
C:\Users\whwns\Desktop\다우기술\1. 교육\stock-simulation\C_team4_server\server_db.c(283,19): warning C4047: 'return': 'int'의 간접 참조 수준이 'char [50]'과(와) 다릅니다.
C:\Users\whwns\Desktop\다우기술\1. 교육\stock-simulation\C_team4_server\server_db.c(274,2): warning C4996: 'sprintf': This function or variable may be unsafe. Consider using sprintf_s instead. To disable deprecation, use _CRT_SECURE_NO_WARNINGS. See online help for details.
C:\Users\whwns\Desktop\다우기술\1. 교육\stock-simulation\C_team4_server\server_db.c(290,2): warning C4996: 'sprintf': This function or variable may be unsafe. Consider using sprintf_s instead. To disable deprecation, use _CRT_SECURE_NO_WARNINGS. See online help for details.
C:\Users\whwns\Desktop\다우기술\1. 교육\stock-simulation\C_team4_server\server_db.c(305,26): warning C4013: 'time'이(가) 정의되지 않았습니다. extern은 int형을 반환하는 것으로 간주합니다.
C:\Users\whwns\Desktop\다우기술\1. 교육\stock-simulation\C_team4_server\server_db.c(318,2): warning C4996: 'sprintf': This function or variable may be unsafe. Consider using sprintf_s instead. To disable deprecation, use _CRT_SECURE_NO_WARNINGS. See online help for details.
C:\Users\whwns\Desktop\다우기술\1. 교육\stock-simulation\C_team4_server\server_db.c(334,2): warning C4996: 'sprintf': This function or variable may be unsafe. Consider using sprintf_s instead. To disable deprecation, use _CRT_SECURE_NO_WARNINGS. See online help for details.
C:\Users\whwns\Desktop\다우기술\1. 교육\stock-simulation\C_team4_server\server_db.c(352,2): warning C4996: 'sprintf': This function or variable may be unsafe. Consider using sprintf_s instead. To disable deprecation, use _CRT_SECURE_NO_WARNINGS. See online help for details.
C:\Users\whwns\Desktop\다우기술\1. 교육\stock-simulation\C_team4_server\server_db.c(454,154): warning C4013: 'calTikSize'이(가) 정의되지 않았습니다. extern은 int형을 반환하는 것으로 간주합니다.
C:\Users\whwns\Desktop\다우기술\1. 교육\stock-simulation\C_team4_server\server_db.c(465,20): warning C4013: 'db_insert_account'이(가) 정의되지 않았습니다. extern은 int형을 반환하는 것으로 간주합니다.
C:\Users\whwns\Desktop\다우기술\1. 교육\stock-simulation\C_team4_server\server_db.c(469,20): warning C4013: 'db_update_account'이(가) 정의되지 않았습니다. extern은 int형을 반환하는 것으로 간주합니다.
C:\Users\whwns\Desktop\다우기술\1. 교육\stock-simulation\C_team4_server\server_db.c(382,2): warning C4996: 'sprintf': This function or variable may be unsafe. Consider using sprintf_s instead. To disable deprecation, use _CRT_SECURE_NO_WARNINGS. See online help for details.
C:\Users\whwns\Desktop\다우기술\1. 교육\stock-simulation\C_team4_server\server_db.c(389,2): warning C4996: 'sprintf': This function or variable may be unsafe. Consider using sprintf_s instead. To disable deprecation, use _CRT_SECURE_NO_WARNINGS. See online help for details.
C:\Users\whwns\Desktop\다우기술\1. 교육\stock-simulation\C_team4_server\server_db.c(396,2): warning C4996: 'sprintf': This function or variable may be unsafe. Consider using sprintf_s instead. To disable deprecation, use _CRT_SECURE_NO_WARNINGS. See online help for details.
C:\Users\whwns\Desktop\다우기술\1. 교육\stock-simulation\C_team4_server\server_db.c(405,2): warning C4996: 'sprintf': This function or variable may be unsafe. Consider using sprintf_s instead. To disable deprecation, use _CRT_SECURE_NO_WARNINGS. See online help for details.
C:\Users\whwns\Desktop\다우기술\1. 교육\stock-simulation\C_team4_server\server_db.c(412,2): warning C4996: 'sprintf': This function or variable may be unsafe. Consider using sprintf_s instead. To disable deprecation, use _CRT_SECURE_NO_WARNINGS. See online help for details.
C:\Users\whwns\Desktop\다우기술\1. 교육\stock-simulation\C_team4_server\server_db.c(422,2): warning C4996: 'sprintf': This function or variable may be unsafe. Consider using sprintf_s instead. To disable deprecation, use _CRT_SECURE_NO_WARNINGS. See online help for details.
C:\Users\whwns\Desktop\다우기술\1. 교육\stock-simulation\C_team4_server\server_db.c(443,2): warning C4996: 'sprintf': This function or variable may be unsafe. Consider using sprintf_s instead. To disable deprecation, use _CRT_SECURE_NO_WARNINGS. See online help for details.
C:\Users\whwns\Desktop\다우기술\1. 교육\stock-simulation\C_team4_server\server_db.c(454,2): warning C4996: 'sprintf': This function or variable may be unsafe. Consider using sprintf_s instead. To disable deprecation, use _CRT_SECURE_NO_WARNINGS. See online help for details.
C:\Users\whwns\Desktop\다우기술\1. 교육\stock-simulation\C_team4_server\server_db.c(501,95): warning C4474: 'printf' : 서식 문자열에 전달된 인수가 너무 많습니다.
C:\Users\whwns\Desktop\다우기술\1. 교육\stock-simulation\C_team4_server\server_db.c(501,95): message : 자리 표시자 및 해당 매개 변수에는 variadic 인수가 1개 필요하지만 2개가 제공되었습니다.
C:\Users\whwns\Desktop\다우기술\1. 교육\stock-simulation\C_team4_server\server_db.c(545,20): warning C4013: 'db_delete_account'이(가) 정의되지 않았습니다. extern은 int형을 반환하는 것으로 간주합니다.
C:\Users\whwns\Desktop\다우기술\1. 교육\stock-simulation\C_team4_server\server_db.c(488,2): warning C4996: 'sprintf': This function or variable may be unsafe. Consider using sprintf_s instead. To disable deprecation, use _CRT_SECURE_NO_WARNINGS. See online help for details.
C:\Users\whwns\Desktop\다우기술\1. 교육\stock-simulation\C_team4_server\server_db.c(495,2): warning C4996: 'sprintf': This function or variable may be unsafe. Consider using sprintf_s instead. To disable deprecation, use _CRT_SECURE_NO_WARNINGS. See online help for details.
C:\Users\whwns\Desktop\다우기술\1. 교육\stock-simulation\C_team4_server\server_db.c(504,2): warning C4996: 'sprintf': This function or variable may be unsafe. Consider using sprintf_s instead. To disable deprecation, use _CRT_SECURE_NO_WARNINGS. See online help for details.
C:\Users\whwns\Desktop\다우기술\1. 교육\stock-simulation\C_team4_server\server_db.c(523,2): warning C4996: 'sprintf': This function or variable may be unsafe. Consider using sprintf_s instead. To disable deprecation, use _CRT_SECURE_NO_WARNINGS. See online help for details.
C:\Users\whwns\Desktop\다우기술\1. 교육\stock-simulation\C_team4_server\server_db.c(533,2): warning C4996: 'sprintf': This function or variable may be unsafe. Consider using sprintf_s instead. To disable deprecation, use _CRT_SECURE_NO_WARNINGS. See online help for details.
C:\Users\whwns\Desktop\다우기술\1. 교육\stock-simulation\C_team4_server\server_db.c(560,2): warning C4996: 'sprintf': This function or variable may be unsafe. Consider using sprintf_s instead. To disable deprecation, use _CRT_SECURE_NO_WARNINGS. See online help for details.
C:\Users\whwns\Desktop\다우기술\1. 교육\stock-simulation\C_team4_server\server_db.c(580,2): warning C4996: 'sprintf': This function or variable may be unsafe. Consider using sprintf_s instead. To disable deprecation, use _CRT_SECURE_NO_WARNINGS. See online help for details.
C:\Users\whwns\Desktop\다우기술\1. 교육\stock-simulation\C_team4_server\server_db.c(599,2): warning C4996: 'sprintf': This function or variable may be unsafe. Consider using sprintf_s instead. To disable deprecation, use _CRT_SECURE_NO_WARNINGS. See online help for details.
  server_request.c
C:\Users\whwns\Desktop\다우기술\1. 교육\stock-simulation\C_team4_server\server_request.c(6,1): warning C4047: '초기화 중': 'STOCK_RES *'의 간접 참조 수준이 'int'과(와) 다릅니다.
C:\Users\whwns\Desktop\다우기술\1. 교육\stock-simulation\C_team4_server\server_request.c(19,4): warning C4996: 'strcpy': This function or variable may be unsafe. Consider using strcpy_s instead. To disable deprecation, use _CRT_SECURE_NO_WARNINGS. See online help for details.
C:\Users\whwns\Desktop\다우기술\1. 교육\stock-simulation\C_team4_server\server_request.c(76,49): warning C4133: '함수': 'ResponseData *'과(와) 'const char *' 사이의 형식이 호환되지 않습니다.
C:\Users\whwns\Desktop\다우기술\1. 교육\stock-simulation\C_team4_server\server_request.c(85,49): warning C4133: '함수': 'ResponseData *'과(와) 'const char *' 사이의 형식이 호환되지 않습니다.
C:\Users\whwns\Desktop\다우기술\1. 교육\stock-simulation\C_team4_server\server_request.c(98,48): warning C4133: '함수': 'ResponseData *'과(와) 'const char *' 사이의 형식이 호환되지 않습니다.
C:\Users\whwns\Desktop\다우기술\1. 교육\stock-simulation\C_team4_server\server_request.c(118,2): warning C4996: 'strcpy': This function or variable may be unsafe. Consider using strcpy_s instead. To disable deprecation, use _CRT_SECURE_NO_WARNINGS. See online help for details.
C:\Users\whwns\Desktop\다우기술\1. 교육\stock-simulation\C_team4_server\server_request.c(119,2): warning C4996: 'strcpy': This function or variable may be unsafe. Consider using strcpy_s instead. To disable deprecation, use _CRT_SECURE_NO_WARNINGS. See online help for details.
C:\Users\whwns\Desktop\다우기술\1. 교육\stock-simulation\C_team4_server\server_request.c(132,2): warning C4996: 'strcpy': This function or variable may be unsafe. Consider using strcpy_s instead. To disable deprecation, use _CRT_SECURE_NO_WARNINGS. See online help for details.
C:\Users\whwns\Desktop\다우기술\1. 교육\stock-simulation\C_team4_server\server_request.c(133,2): warning C4996: 'strcpy': This function or variable may be unsafe. Consider using strcpy_s instead. To disable deprecation, use _CRT_SECURE_NO_WARNINGS. See online help for details.
C:\Users\whwns\Desktop\다우기술\1. 교육\stock-simulation\C_team4_server\server_request.c(144,61): warning C4047: '=': 'char *'의 간접 참조 수준이 'int'과(와) 다릅니다.
C:\Users\whwns\Desktop\다우기술\1. 교육\stock-simulation\C_team4_server\server_request.c(147,2): warning C4996: 'strcpy': This function or variable may be unsafe. Consider using strcpy_s instead. To disable deprecation, use _CRT_SECURE_NO_WARNINGS. See online help for details.
C:\Users\whwns\Desktop\다우기술\1. 교육\stock-simulation\C_team4_server\server_request.c(148,2): warning C4996: 'strcpy': This function or variable may be unsafe. Consider using strcpy_s instead. To disable deprecation, use _CRT_SECURE_NO_WARNINGS. See online help for details.
C:\Users\whwns\Desktop\다우기술\1. 교육\stock-simulation\C_team4_server\server_request.c(162,2): warning C4996: 'strcpy': This function or variable may be unsafe. Consider using strcpy_s instead. To disable deprecation, use _CRT_SECURE_NO_WARNINGS. See online help for details.
C:\Users\whwns\Desktop\다우기술\1. 교육\stock-simulation\C_team4_server\server_request.c(163,2): warning C4996: 'strcpy': This function or variable may be unsafe. Consider using strcpy_s instead. To disable deprecation, use _CRT_SECURE_NO_WARNINGS. See online help for details.
C:\Users\whwns\Desktop\다우기술\1. 교육\stock-simulation\C_team4_server\server_request.c(178,53): warning C4133: '함수': 'ResponseData *'과(와) 'const char *' 사이의 형식이 호환되지 않습니다.
C:\Users\whwns\Desktop\다우기술\1. 교육\stock-simulation\C_team4_server\server_request.c(205,3): warning C4996: 'strcpy': This function or variable may be unsafe. Consider using strcpy_s instead. To disable deprecation, use _CRT_SECURE_NO_WARNINGS. See online help for details.
C:\Users\whwns\Desktop\다우기술\1. 교육\stock-simulation\C_team4_server\server_request.c(210,3): warning C4996: 'strcpy': This function or variable may be unsafe. Consider using strcpy_s instead. To disable deprecation, use _CRT_SECURE_NO_WARNINGS. See online help for details.
C:\Users\whwns\Desktop\다우기술\1. 교육\stock-simulation\C_team4_server\server_request.c(211,3): warning C4996: 'strcpy': This function or variable may be unsafe. Consider using strcpy_s instead. To disable deprecation, use _CRT_SECURE_NO_WARNINGS. See online help for details.
C:\Users\whwns\Desktop\다우기술\1. 교육\stock-simulation\C_team4_server\server_request.c(228,3): warning C4996: 'strcpy': This function or variable may be unsafe. Consider using strcpy_s instead. To disable deprecation, use _CRT_SECURE_NO_WARNINGS. See online help for details.
C:\Users\whwns\Desktop\다우기술\1. 교육\stock-simulation\C_team4_server\server_request.c(236,5): warning C4996: 'strcpy': This function or variable may be unsafe. Consider using strcpy_s instead. To disable deprecation, use _CRT_SECURE_NO_WARNINGS. See online help for details.
C:\Users\whwns\Desktop\다우기술\1. 교육\stock-simulation\C_team4_server\server_request.c(239,5): warning C4996: 'strcpy': This function or variable may be unsafe. Consider using strcpy_s instead. To disable deprecation, use _CRT_SECURE_NO_WARNINGS. See online help for details.
C:\Users\whwns\Desktop\다우기술\1. 교육\stock-simulation\C_team4_server\server_request.c(242,5): warning C4996: 'strcpy': This function or variable may be unsafe. Consider using strcpy_s instead. To disable deprecation, use _CRT_SECURE_NO_WARNINGS. See online help for details.
C:\Users\whwns\Desktop\다우기술\1. 교육\stock-simulation\C_team4_server\server_request.c(247,3): warning C4996: 'strcpy': This function or variable may be unsafe. Consider using strcpy_s instead. To disable deprecation, use _CRT_SECURE_NO_WARNINGS. See online help for details.
C:\Users\whwns\Desktop\다우기술\1. 교육\stock-simulation\C_team4_server\server_request.c(248,3): warning C4996: 'strcpy': This function or variable may be unsafe. Consider using strcpy_s instead. To disable deprecation, use _CRT_SECURE_NO_WARNINGS. See online help for details.
C:\Users\whwns\Desktop\다우기술\1. 교육\stock-simulation\C_team4_server\server_request.c(266,3): warning C4996: 'strcpy': This function or variable may be unsafe. Consider using strcpy_s instead. To disable deprecation, use _CRT_SECURE_NO_WARNINGS. See online help for details.
C:\Users\whwns\Desktop\다우기술\1. 교육\stock-simulation\C_team4_server\server_request.c(274,5): warning C4996: 'strcpy': This function or variable may be unsafe. Consider using strcpy_s instead. To disable deprecation, use _CRT_SECURE_NO_WARNINGS. See online help for details.
C:\Users\whwns\Desktop\다우기술\1. 교육\stock-simulation\C_team4_server\server_request.c(277,5): warning C4996: 'strcpy': This function or variable may be unsafe. Consider using strcpy_s instead. To disable deprecation, use _CRT_SECURE_NO_WARNINGS. See online help for details.
C:\Users\whwns\Desktop\다우기술\1. 교육\stock-simulation\C_team4_server\server_request.c(286,3): warning C4996: 'strcpy': This function or variable may be unsafe. Consider using strcpy_s instead. To disable deprecation, use _CRT_SECURE_NO_WARNINGS. See online help for details.
C:\Users\whwns\Desktop\다우기술\1. 교육\stock-simulation\C_team4_server\server_request.c(287,3): warning C4996: 'strcpy': This function or variable may be unsafe. Consider using strcpy_s instead. To disable deprecation, use _CRT_SECURE_NO_WARNINGS. See online help for details.
  코드를 생성하고 있습니다...
C:\Users\whwns\Desktop\다우기술\1. 교육\stock-simulation\C_team4_server\server_request.c(25): warning C4715: 'init_stock': 모든 제어 경로에서 값을 반환하지는 않습니다.
C:\Users\whwns\Desktop\다우기술\1. 교육\stock-simulation\C_team4_server\server_db.c(283): warning C4172: 지역 변수 또는 임시: access_key의 주소를 반환하고 있습니다.
C:\Users\whwns\Desktop\다우기술\1. 교육\stock-simulation\C_team4_server\server_db.c(359): warning C4172: 지역 변수 또는 임시: stockinfo의 주소를 반환하고 있습니다.
C:\Users\whwns\Desktop\다우기술\1. 교육\stock-simulation\C_team4_server\server_db.c(368): warning C4172: 지역 변수 또는 임시: stockinfo의 주소를 반환하고 있습니다.
  C_team4.vcxproj -> C:\Users\whwns\Desktop\다우기술\1. 교육\stock-simulation\C_team4_server\Debug\C_team4.exe
