  main.c
C:\stock-simulation\C_team4_client\main.c(70,32): warning C4996: 'inet_addr': Use inet_pton() or InetPton() instead or define _WINSOCK_DEPRECATED_NO_WARNINGS to disable deprecated API warnings
C:\stock-simulation\C_team4_client\main.c(104,14): warning C4013: 'add_member'이(가) 정의되지 않았습니다. extern은 int형을 반환하는 것으로 간주합니다.
C:\stock-simulation\C_team4_client\main.c(108,14): warning C4013: 'del_member'이(가) 정의되지 않았습니다. extern은 int형을 반환하는 것으로 간주합니다.
C:\stock-simulation\C_team4_client\main.c(113,19): warning C4013: 'login'이(가) 정의되지 않았습니다. extern은 int형을 반환하는 것으로 간주합니다.
C:\stock-simulation\C_team4_client\main.c(116,15): warning C4013: 'stock_home'이(가) 정의되지 않았습니다. extern은 int형을 반환하는 것으로 간주합니다.
C:\stock-simulation\C_team4_client\main.c(121,10): warning C4013: 'logout'이(가) 정의되지 않았습니다. extern은 int형을 반환하는 것으로 간주합니다.
C:\stock-simulation\C_team4_client\main.c(97,3): warning C4996: 'scanf': This function or variable may be unsafe. Consider using scanf_s instead. To disable deprecation, use _CRT_SECURE_NO_WARNINGS. See online help for details.
C:\stock-simulation\C_team4_client\main.c(89,7): warning C4101: 'message' :참조되지 않은 지역 변수입니다.
C:\stock-simulation\C_team4_client\main.c(229,3): warning C4996: 'scanf': This function or variable may be unsafe. Consider using scanf_s instead. To disable deprecation, use _CRT_SECURE_NO_WARNINGS. See online help for details.
C:\stock-simulation\C_team4_client\main.c(269,59): warning C4133: '함수': 'RequestData *'과(와) 'const char *' 사이의 형식이 호환되지 않습니다.
C:\stock-simulation\C_team4_client\main.c(262,2): warning C4996: 'scanf': This function or variable may be unsafe. Consider using scanf_s instead. To disable deprecation, use _CRT_SECURE_NO_WARNINGS. See online help for details.
C:\stock-simulation\C_team4_client\main.c(264,2): warning C4996: 'scanf': This function or variable may be unsafe. Consider using scanf_s instead. To disable deprecation, use _CRT_SECURE_NO_WARNINGS. See online help for details.
C:\stock-simulation\C_team4_client\main.c(266,2): warning C4996: 'scanf': This function or variable may be unsafe. Consider using scanf_s instead. To disable deprecation, use _CRT_SECURE_NO_WARNINGS. See online help for details.
C:\stock-simulation\C_team4_client\main.c(288,59): warning C4133: '함수': 'RequestData *'과(와) 'const char *' 사이의 형식이 호환되지 않습니다.
C:\stock-simulation\C_team4_client\main.c(282,2): warning C4996: 'scanf': This function or variable may be unsafe. Consider using scanf_s instead. To disable deprecation, use _CRT_SECURE_NO_WARNINGS. See online help for details.
C:\stock-simulation\C_team4_client\main.c(284,2): warning C4996: 'scanf': This function or variable may be unsafe. Consider using scanf_s instead. To disable deprecation, use _CRT_SECURE_NO_WARNINGS. See online help for details.
C:\stock-simulation\C_team4_client\main.c(286,2): warning C4996: 'scanf': This function or variable may be unsafe. Consider using scanf_s instead. To disable deprecation, use _CRT_SECURE_NO_WARNINGS. See online help for details.
C:\stock-simulation\C_team4_client\main.c(143): warning C4715: 'select_task_home': 모든 제어 경로에서 값을 반환하지는 않습니다.
C:\stock-simulation\C_team4_client\main.c(166): warning C4715: 'add_member': 모든 제어 경로에서 값을 반환하지는 않습니다.
C:\stock-simulation\C_team4_client\main.c(186): warning C4715: 'del_member': 모든 제어 경로에서 값을 반환하지는 않습니다.
C:\stock-simulation\C_team4_client\main.c(221): warning C4715: 'logout': 모든 제어 경로에서 값을 반환하지는 않습니다.
C:\stock-simulation\C_team4_client\main.c(274): warning C4715: 'buyStock': 모든 제어 경로에서 값을 반환하지는 않습니다.
C:\stock-simulation\C_team4_client\main.c(293): warning C4715: 'sellStock': 모든 제어 경로에서 값을 반환하지는 않습니다.
  C_team4_client.vcxproj -> C:\stock-simulation\C_team4_client\Debug\C_team4_client.exe
